<?xml version="1.0" encoding="UTF-8"?>
<!-- Generated by org.testng.reporters.JUnitReportReporter -->
<testsuite hostname="mC02DRQRDMD6M" failures="0" tests="1" name="com.test.CardGame2" time="4.344" errors="0" timestamp="2024-01-29T16:17:29 PST" skipped="0">
  <testcase classname="com.test.CardGame2" name="testBlackjackGame1" time="4.344"/>
</testsuite> <!-- com.test.CardGame2 -->
