<?xml version="1.0" encoding="UTF-8"?>
<!-- Generated by org.testng.reporters.JUnitReportReporter -->
<testsuite hostname="mC02DRQRDMD6M" failures="0" tests="2" name="com.test.CardGameTest" time="2.018" errors="0" timestamp="2024-01-29T16:17:29 PST" skipped="0">
  <testcase classname="com.test.CardGameTest" name="drawCardsof3" time="0.810"/>
  <testcase classname="com.test.CardGameTest" name="drawCardsof2" time="1.208"/>
</testsuite> <!-- com.test.CardGameTest -->
